# JRE version: OpenJDK Runtime Environment (8.0_152-b12) (build 1.8.0_152-release-915-b12)
# Java VM: OpenJDK 64-Bit Server VM (25.152-b12 mixed mode windows-amd64 compressed oops)
Heap:
 PSYoungGen      total 79872K, used 13847K [0x00000000eab00000, 0x00000000f4700000, 0x0000000100000000)
  eden space 66560K, 8% used [0x00000000eab00000,0x00000000eb04def0,0x00000000eec00000)
  from space 13312K, 63% used [0x00000000eec00000,0x00000000ef4380c0,0x00000000ef900000)
  to   space 13312K, 0% used [0x00000000f3a00000,0x00000000f3a00000,0x00000000f4700000)
 ParOldGen       total 87552K, used 26672K [0x00000000c0000000, 0x00000000c5580000, 0x00000000eab00000)
  object space 87552K, 30% used [0x00000000c0000000,0x00000000c1a0c110,0x00000000c5580000)
 Metaspace       used 16342K, capacity 16422K, committed 16512K, reserved 1064960K
  class space    used 1803K, capacity 1847K, committed 1920K, reserved 1048576K
GC Heap History (10 events):
Event: 9.070 GC heap before
{Heap before GC invocations=3 (full 0):
 PSYoungGen      total 38400K, used 38377K [0x00000000eab00000, 0x00000000ed580000, 0x0000000100000000)
  eden space 33280K, 100% used [0x00000000eab00000,0x00000000ecb80000,0x00000000ecb80000)
  from space 5120K, 99% used [0x00000000ed080000,0x00000000ed57a620,0x00000000ed580000)
  to   space 5120K, 0% used [0x00000000ecb80000,0x00000000ecb80000,0x00000000ed080000)
 ParOldGen       total 87552K, used 8326K [0x00000000c0000000, 0x00000000c5580000, 0x00000000eab00000)
  object space 87552K, 9% used [0x00000000c0000000,0x00000000c0821ab0,0x00000000c5580000)
 Metaspace       used 14544K, capacity 14624K, committed 14848K, reserved 1062912K
  class space    used 1770K, capacity 1782K, committed 1792K, reserved 1048576K
Event: 9.094 GC heap after
Heap after GC invocations=3 (full 0):
 PSYoungGen      total 38400K, used 5101K [0x00000000eab00000, 0x00000000ed580000, 0x0000000100000000)
  eden space 33280K, 0% used [0x00000000eab00000,0x00000000eab00000,0x00000000ecb80000)
  from space 5120K, 99% used [0x00000000ecb80000,0x00000000ed07b550,0x00000000ed080000)
  to   space 5120K, 0% used [0x00000000ed080000,0x00000000ed080000,0x00000000ed580000)
 ParOldGen       total 87552K, used 15621K [0x00000000c0000000, 0x00000000c5580000, 0x00000000eab00000)
  object space 87552K, 17% used [0x00000000c0000000,0x00000000c0f414c0,0x00000000c5580000)
 Metaspace       used 14544K, capacity 14624K, committed 14848K, reserved 1062912K
  class space    used 1770K, capacity 1782K, committed 1792K, reserved 1048576K
}
Event: 10.166 GC heap before
{Heap before GC invocations=4 (full 0):
 PSYoungGen      total 38400K, used 38381K [0x00000000eab00000, 0x00000000ed580000, 0x0000000100000000)
  eden space 33280K, 100% used [0x00000000eab00000,0x00000000ecb80000,0x00000000ecb80000)
  from space 5120K, 99% used [0x00000000ecb80000,0x00000000ed07b550,0x00000000ed080000)
  to   space 5120K, 0% used [0x00000000ed080000,0x00000000ed080000,0x00000000ed580000)
 ParOldGen       total 87552K, used 15621K [0x00000000c0000000, 0x00000000c5580000, 0x00000000eab00000)
  object space 87552K, 17% used [0x00000000c0000000,0x00000000c0f414c0,0x00000000c5580000)
 Metaspace       used 15302K, capacity 15424K, committed 15744K, reserved 1062912K
  class space    used 1782K, capacity 1814K, committed 1920K, reserved 1048576K
Event: 10.192 GC heap after
Heap after GC invocations=4 (full 0):
 PSYoungGen      total 38400K, used 5117K [0x00000000eab00000, 0x00000000ef600000, 0x0000000100000000)
  eden space 33280K, 0% used [0x00000000eab00000,0x00000000eab00000,0x00000000ecb80000)
  from space 5120K, 99% used [0x00000000ed080000,0x00000000ed57f540,0x00000000ed580000)
  to   space 5120K, 0% used [0x00000000ecb80000,0x00000000ecb80000,0x00000000ed080000)
 ParOldGen       total 87552K, used 20077K [0x00000000c0000000, 0x00000000c5580000, 0x00000000eab00000)
  object space 87552K, 22% used [0x00000000c0000000,0x00000000c139b688,0x00000000c5580000)
 Metaspace       used 15302K, capacity 15424K, committed 15744K, reserved 1062912K
  class space    used 1782K, capacity 1814K, committed 1920K, reserved 1048576K
}
Event: 10.745 GC heap before
{Heap before GC invocations=5 (full 0):
 PSYoungGen      total 38400K, used 38397K [0x00000000eab00000, 0x00000000ef600000, 0x0000000100000000)
  eden space 33280K, 100% used [0x00000000eab00000,0x00000000ecb80000,0x00000000ecb80000)
  from space 5120K, 99% used [0x00000000ed080000,0x00000000ed57f540,0x00000000ed580000)
  to   space 5120K, 0% used [0x00000000ecb80000,0x00000000ecb80000,0x00000000ed080000)
 ParOldGen       total 87552K, used 20077K [0x00000000c0000000, 0x00000000c5580000, 0x00000000eab00000)
  object space 87552K, 22% used [0x00000000c0000000,0x00000000c139b688,0x00000000c5580000)
 Metaspace       used 15567K, capacity 15680K, committed 16000K, reserved 1062912K
  class space    used 1785K, capacity 1814K, committed 1920K, reserved 1048576K
Event: 10.762 GC heap after
Heap after GC invocations=5 (full 0):
 PSYoungGen      total 38400K, used 5088K [0x00000000eab00000, 0x00000000f0600000, 0x0000000100000000)
  eden space 33280K, 0% used [0x00000000eab00000,0x00000000eab00000,0x00000000ecb80000)
  from space 5120K, 99% used [0x00000000ecb80000,0x00000000ed078010,0x00000000ed080000)
  to   space 13312K, 0% used [0x00000000ef900000,0x00000000ef900000,0x00000000f0600000)
 ParOldGen       total 87552K, used 24028K [0x00000000c0000000, 0x00000000c5580000, 0x00000000eab00000)
  object space 87552K, 27% used [0x00000000c0000000,0x00000000c17770d0,0x00000000c5580000)
 Metaspace       used 15567K, capacity 15680K, committed 16000K, reserved 1062912K
  class space    used 1785K, capacity 1814K, committed 1920K, reserved 1048576K
}
Event: 11.307 GC heap before
{Heap before GC invocations=6 (full 0):
 PSYoungGen      total 38400K, used 38368K [0x00000000eab00000, 0x00000000f0600000, 0x0000000100000000)
  eden space 33280K, 100% used [0x00000000eab00000,0x00000000ecb80000,0x00000000ecb80000)
  from space 5120K, 99% used [0x00000000ecb80000,0x00000000ed078010,0x00000000ed080000)
  to   space 13312K, 0% used [0x00000000ef900000,0x00000000ef900000,0x00000000f0600000)
 ParOldGen       total 87552K, used 24028K [0x00000000c0000000, 0x00000000c5580000, 0x00000000eab00000)
  object space 87552K, 27% used [0x00000000c0000000,0x00000000c17770d0,0x00000000c5580000)
 Metaspace       used 15856K, capacity 15936K, committed 16256K, reserved 1062912K
  class space    used 1792K, capacity 1814K, committed 1920K, reserved 1048576K
Event: 11.339 GC heap after
Heap after GC invocations=6 (full 0):
 PSYoungGen      total 79872K, used 7860K [0x00000000eab00000, 0x00000000f0600000, 0x0000000100000000)
  eden space 66560K, 0% used [0x00000000eab00000,0x00000000eab00000,0x00000000eec00000)
  from space 13312K, 59% used [0x00000000ef900000,0x00000000f00ad380,0x00000000f0600000)
  to   space 13312K, 0% used [0x00000000eec00000,0x00000000eec00000,0x00000000ef900000)
 ParOldGen       total 87552K, used 24028K [0x00000000c0000000, 0x00000000c5580000, 0x00000000eab00000)
  object space 87552K, 27% used [0x00000000c0000000,0x00000000c17770d0,0x00000000c5580000)
 Metaspace       used 15856K, capacity 15936K, committed 16256K, reserved 1062912K
  class space    used 1792K, capacity 1814K, committed 1920K, reserved 1048576K
}
Event: 12.320 GC heap before
{Heap before GC invocations=7 (full 0):
 PSYoungGen      total 79872K, used 74420K [0x00000000eab00000, 0x00000000f0600000, 0x0000000100000000)
  eden space 66560K, 100% used [0x00000000eab00000,0x00000000eec00000,0x00000000eec00000)
  from space 13312K, 59% used [0x00000000ef900000,0x00000000f00ad380,0x00000000f0600000)
  to   space 13312K, 0% used [0x00000000eec00000,0x00000000eec00000,0x00000000ef900000)
 ParOldGen       total 87552K, used 24028K [0x00000000c0000000, 0x00000000c5580000, 0x00000000eab00000)
  object space 87552K, 27% used [0x00000000c0000000,0x00000000c17770d0,0x00000000c5580000)
 Metaspace       used 16326K, capacity 16416K, committed 16512K, reserved 1064960K
  class space    used 1803K, capacity 1846K, committed 1920K, reserved 1048576K
Event: 12.361 GC heap after
Heap after GC invocations=7 (full 0):
 PSYoungGen      total 79872K, used 8416K [0x00000000eab00000, 0x00000000f4700000, 0x0000000100000000)
  eden space 66560K, 0% used [0x00000000eab00000,0x00000000eab00000,0x00000000eec00000)
  from space 13312K, 63% used [0x00000000eec00000,0x00000000ef4380c0,0x00000000ef900000)
  to   space 13312K, 0% used [0x00000000f3a00000,0x00000000f3a00000,0x00000000f4700000)
 ParOldGen       total 87552K, used 26672K [0x00000000c0000000, 0x00000000c5580000, 0x00000000eab00000)
  object space 87552K, 30% used [0x00000000c0000000,0x00000000c1a0c110,0x00000000c5580000)
 Metaspace       used 16326K, capacity 16416K, committed 16512K, reserved 1064960K
  class space    used 1803K, capacity 1846K, committed 1920K, reserved 1048576K
}

