# JRE version: OpenJDK Runtime Environment (8.0_152-b12) (build 1.8.0_152-release-915-b12)
# Java VM: OpenJDK 64-Bit Server VM (25.152-b12 mixed mode windows-amd64 compressed oops)
Heap:
 PSYoungGen      total 38400K, used 28177K [0x00000000eab00000, 0x00000000efb00000, 0x0000000100000000)
  eden space 33280K, 69% used [0x00000000eab00000,0x00000000ec187e18,0x00000000ecb80000)
  from space 5120K, 99% used [0x00000000ecb80000,0x00000000ed07c600,0x00000000ed080000)
  to   space 14336K, 0% used [0x00000000eed00000,0x00000000eed00000,0x00000000efb00000)
 ParOldGen       total 87552K, used 31791K [0x00000000c0000000, 0x00000000c5580000, 0x00000000eab00000)
  object space 87552K, 36% used [0x00000000c0000000,0x00000000c1f0bd58,0x00000000c5580000)
 Metaspace       used 16460K, capacity 16606K, committed 16768K, reserved 1064960K
  class space    used 1803K, capacity 1847K, committed 1920K, reserved 1048576K
GC Heap History (10 events):
Event: 18.685 GC heap before
{Heap before GC invocations=5 (full 0):
 PSYoungGen      total 38400K, used 38378K [0x00000000eab00000, 0x00000000ed580000, 0x0000000100000000)
  eden space 33280K, 99% used [0x00000000eab00000,0x00000000ecb7af88,0x00000000ecb80000)
  from space 5120K, 99% used [0x00000000ed080000,0x00000000ed57fb68,0x00000000ed580000)
  to   space 5120K, 0% used [0x00000000ecb80000,0x00000000ecb80000,0x00000000ed080000)
 ParOldGen       total 87552K, used 20223K [0x00000000c0000000, 0x00000000c5580000, 0x00000000eab00000)
  object space 87552K, 23% used [0x00000000c0000000,0x00000000c13bfc40,0x00000000c5580000)
 Metaspace       used 15658K, capacity 15736K, committed 16000K, reserved 1062912K
  class space    used 1791K, capacity 1814K, committed 1920K, reserved 1048576K
Event: 18.708 GC heap after
Heap after GC invocations=5 (full 0):
 PSYoungGen      total 38400K, used 5119K [0x00000000eab00000, 0x00000000ed580000, 0x0000000100000000)
  eden space 33280K, 0% used [0x00000000eab00000,0x00000000eab00000,0x00000000ecb80000)
  from space 5120K, 99% used [0x00000000ecb80000,0x00000000ed07fdd8,0x00000000ed080000)
  to   space 5120K, 0% used [0x00000000ed080000,0x00000000ed080000,0x00000000ed580000)
 ParOldGen       total 87552K, used 23549K [0x00000000c0000000, 0x00000000c5580000, 0x00000000eab00000)
  object space 87552K, 26% used [0x00000000c0000000,0x00000000c16ff4b8,0x00000000c5580000)
 Metaspace       used 15658K, capacity 15736K, committed 16000K, reserved 1062912K
  class space    used 1791K, capacity 1814K, committed 1920K, reserved 1048576K
}
Event: 19.240 GC heap before
{Heap before GC invocations=6 (full 0):
 PSYoungGen      total 38400K, used 38399K [0x00000000eab00000, 0x00000000ed580000, 0x0000000100000000)
  eden space 33280K, 100% used [0x00000000eab00000,0x00000000ecb80000,0x00000000ecb80000)
  from space 5120K, 99% used [0x00000000ecb80000,0x00000000ed07fdd8,0x00000000ed080000)
  to   space 5120K, 0% used [0x00000000ed080000,0x00000000ed080000,0x00000000ed580000)
 ParOldGen       total 87552K, used 23549K [0x00000000c0000000, 0x00000000c5580000, 0x00000000eab00000)
  object space 87552K, 26% used [0x00000000c0000000,0x00000000c16ff4b8,0x00000000c5580000)
 Metaspace       used 15894K, capacity 15992K, committed 16256K, reserved 1062912K
  class space    used 1793K, capacity 1814K, committed 1920K, reserved 1048576K
Event: 19.267 GC heap after
Heap after GC invocations=6 (full 0):
 PSYoungGen      total 38400K, used 5118K [0x00000000eab00000, 0x00000000ed580000, 0x0000000100000000)
  eden space 33280K, 0% used [0x00000000eab00000,0x00000000eab00000,0x00000000ecb80000)
  from space 5120K, 99% used [0x00000000ed080000,0x00000000ed57fb68,0x00000000ed580000)
  to   space 5120K, 0% used [0x00000000ecb80000,0x00000000ecb80000,0x00000000ed080000)
 ParOldGen       total 87552K, used 26407K [0x00000000c0000000, 0x00000000c5580000, 0x00000000eab00000)
  object space 87552K, 30% used [0x00000000c0000000,0x00000000c19c9df8,0x00000000c5580000)
 Metaspace       used 15894K, capacity 15992K, committed 16256K, reserved 1062912K
  class space    used 1793K, capacity 1814K, committed 1920K, reserved 1048576K
}
Event: 19.860 GC heap before
{Heap before GC invocations=7 (full 0):
 PSYoungGen      total 38400K, used 38398K [0x00000000eab00000, 0x00000000ed580000, 0x0000000100000000)
  eden space 33280K, 100% used [0x00000000eab00000,0x00000000ecb80000,0x00000000ecb80000)
  from space 5120K, 99% used [0x00000000ed080000,0x00000000ed57fb68,0x00000000ed580000)
  to   space 5120K, 0% used [0x00000000ecb80000,0x00000000ecb80000,0x00000000ed080000)
 ParOldGen       total 87552K, used 26407K [0x00000000c0000000, 0x00000000c5580000, 0x00000000eab00000)
  object space 87552K, 30% used [0x00000000c0000000,0x00000000c19c9df8,0x00000000c5580000)
 Metaspace       used 16055K, capacity 16184K, committed 16512K, reserved 1064960K
  class space    used 1793K, capacity 1814K, committed 1920K, reserved 1048576K
Event: 19.927 GC heap after
Heap after GC invocations=7 (full 0):
 PSYoungGen      total 38400K, used 4791K [0x00000000eab00000, 0x00000000ed580000, 0x0000000100000000)
  eden space 33280K, 0% used [0x00000000eab00000,0x00000000eab00000,0x00000000ecb80000)
  from space 5120K, 93% used [0x00000000ecb80000,0x00000000ed02df58,0x00000000ed080000)
  to   space 5120K, 0% used [0x00000000ed080000,0x00000000ed080000,0x00000000ed580000)
 ParOldGen       total 87552K, used 29474K [0x00000000c0000000, 0x00000000c5580000, 0x00000000eab00000)
  object space 87552K, 33% used [0x00000000c0000000,0x00000000c1cc8a28,0x00000000c5580000)
 Metaspace       used 16055K, capacity 16184K, committed 16512K, reserved 1064960K
  class space    used 1793K, capacity 1814K, committed 1920K, reserved 1048576K
}
Event: 20.721 GC heap before
{Heap before GC invocations=8 (full 0):
 PSYoungGen      total 38400K, used 38071K [0x00000000eab00000, 0x00000000ed580000, 0x0000000100000000)
  eden space 33280K, 100% used [0x00000000eab00000,0x00000000ecb80000,0x00000000ecb80000)
  from space 5120K, 93% used [0x00000000ecb80000,0x00000000ed02df58,0x00000000ed080000)
  to   space 5120K, 0% used [0x00000000ed080000,0x00000000ed080000,0x00000000ed580000)
 ParOldGen       total 87552K, used 29474K [0x00000000c0000000, 0x00000000c5580000, 0x00000000eab00000)
  object space 87552K, 33% used [0x00000000c0000000,0x00000000c1cc8a28,0x00000000c5580000)
 Metaspace       used 16368K, capacity 16478K, committed 16768K, reserved 1064960K
  class space    used 1802K, capacity 1847K, committed 1920K, reserved 1048576K
Event: 20.744 GC heap after
Heap after GC invocations=8 (full 0):
 PSYoungGen      total 38400K, used 4915K [0x00000000eab00000, 0x00000000ed580000, 0x0000000100000000)
  eden space 33280K, 0% used [0x00000000eab00000,0x00000000eab00000,0x00000000ecb80000)
  from space 5120K, 96% used [0x00000000ed080000,0x00000000ed54cf70,0x00000000ed580000)
  to   space 5120K, 0% used [0x00000000ecb80000,0x00000000ecb80000,0x00000000ed080000)
 ParOldGen       total 87552K, used 30974K [0x00000000c0000000, 0x00000000c5580000, 0x00000000eab00000)
  object space 87552K, 35% used [0x00000000c0000000,0x00000000c1e3fb88,0x00000000c5580000)
 Metaspace       used 16368K, capacity 16478K, committed 16768K, reserved 1064960K
  class space    used 1802K, capacity 1847K, committed 1920K, reserved 1048576K
}
Event: 21.209 GC heap before
{Heap before GC invocations=9 (full 0):
 PSYoungGen      total 38400K, used 38195K [0x00000000eab00000, 0x00000000ed580000, 0x0000000100000000)
  eden space 33280K, 100% used [0x00000000eab00000,0x00000000ecb80000,0x00000000ecb80000)
  from space 5120K, 96% used [0x00000000ed080000,0x00000000ed54cf70,0x00000000ed580000)
  to   space 5120K, 0% used [0x00000000ecb80000,0x00000000ecb80000,0x00000000ed080000)
 ParOldGen       total 87552K, used 30974K [0x00000000c0000000, 0x00000000c5580000, 0x00000000eab00000)
  object space 87552K, 35% used [0x00000000c0000000,0x00000000c1e3fb88,0x00000000c5580000)
 Metaspace       used 16434K, capacity 16542K, committed 16768K, reserved 1064960K
  class space    used 1803K, capacity 1847K, committed 1920K, reserved 1048576K
Event: 21.272 GC heap after
Heap after GC invocations=9 (full 0):
 PSYoungGen      total 38400K, used 5105K [0x00000000eab00000, 0x00000000efb00000, 0x0000000100000000)
  eden space 33280K, 0% used [0x00000000eab00000,0x00000000eab00000,0x00000000ecb80000)
  from space 5120K, 99% used [0x00000000ecb80000,0x00000000ed07c600,0x00000000ed080000)
  to   space 14336K, 0% used [0x00000000eed00000,0x00000000eed00000,0x00000000efb00000)
 ParOldGen       total 87552K, used 31791K [0x00000000c0000000, 0x00000000c5580000, 0x00000000eab00000)
  object space 87552K, 36% used [0x00000000c0000000,0x00000000c1f0bd58,0x00000000c5580000)
 Metaspace       used 16434K, capacity 16542K, committed 16768K, reserved 1064960K
  class space    used 1803K, capacity 1847K, committed 1920K, reserved 1048576K
}

